<?xml version="1.0" encoding="UTF-8"?>
<testsuite xmlns:xsi="http://www.w3.org/2001/XMLSchema-instance" xsi:noNamespaceSchemaLocation="https://maven.apache.org/surefire/maven-surefire-plugin/xsd/surefire-test-report-3.0.xsd" version="3.0" name="com.example.client.CursorsApiWireMockTest" time="0.832" tests="10" errors="5" skipped="0" failures="5">
  <properties>
    <property name="java.specification.version" value="21"/>
    <property name="sun.jnu.encoding" value="UTF-8"/>
    <property name="java.class.path" value="/workspace/target/test-classes:/workspace/target/classes:/home/ubuntu/.m2/repository/com/fasterxml/jackson/core/jackson-core/2.16.1/jackson-core-2.16.1.jar:/home/ubuntu/.m2/repository/com/fasterxml/jackson/core/jackson-annotations/2.16.1/jackson-annotations-2.16.1.jar:/home/ubuntu/.m2/repository/com/fasterxml/jackson/core/jackson-databind/2.16.1/jackson-databind-2.16.1.jar:/home/ubuntu/.m2/repository/com/fasterxml/jackson/datatype/jackson-datatype-jsr310/2.16.1/jackson-datatype-jsr310-2.16.1.jar:/home/ubuntu/.m2/repository/org/apache/httpcomponents/httpclient/4.5.14/httpclient-4.5.14.jar:/home/ubuntu/.m2/repository/org/apache/httpcomponents/httpcore/4.4.16/httpcore-4.4.16.jar:/home/ubuntu/.m2/repository/commons-logging/commons-logging/1.2/commons-logging-1.2.jar:/home/ubuntu/.m2/repository/commons-codec/commons-codec/1.11/commons-codec-1.11.jar:/home/ubuntu/.m2/repository/org/apache/httpcomponents/httpmime/4.5.14/httpmime-4.5.14.jar:/home/ubuntu/.m2/repository/io/swagger/swagger-annotations/1.6.12/swagger-annotations-1.6.12.jar:/home/ubuntu/.m2/repository/javax/annotation/javax.annotation-api/1.3.2/javax.annotation-api-1.3.2.jar:/home/ubuntu/.m2/repository/com/google/code/findbugs/jsr305/3.0.2/jsr305-3.0.2.jar:/home/ubuntu/.m2/repository/org/junit/jupiter/junit-jupiter/5.10.1/junit-jupiter-5.10.1.jar:/home/ubuntu/.m2/repository/org/junit/jupiter/junit-jupiter-api/5.10.1/junit-jupiter-api-5.10.1.jar:/home/ubuntu/.m2/repository/org/opentest4j/opentest4j/1.3.0/opentest4j-1.3.0.jar:/home/ubuntu/.m2/repository/org/junit/platform/junit-platform-commons/1.10.1/junit-platform-commons-1.10.1.jar:/home/ubuntu/.m2/repository/org/apiguardian/apiguardian-api/1.1.2/apiguardian-api-1.1.2.jar:/home/ubuntu/.m2/repository/org/junit/jupiter/junit-jupiter-params/5.10.1/junit-jupiter-params-5.10.1.jar:/home/ubuntu/.m2/repository/org/junit/jupiter/junit-jupiter-engine/5.10.1/junit-jupiter-engine-5.10.1.jar:/home/ubuntu/.m2/repository/org/junit/platform/junit-platform-engine/1.10.1/junit-platform-engine-1.10.1.jar:/home/ubuntu/.m2/repository/org/wiremock/wiremock/3.3.1/wiremock-3.3.1.jar:/home/ubuntu/.m2/repository/org/eclipse/jetty/jetty-server/11.0.18/jetty-server-11.0.18.jar:/home/ubuntu/.m2/repository/org/eclipse/jetty/toolchain/jetty-jakarta-servlet-api/5.0.2/jetty-jakarta-servlet-api-5.0.2.jar:/home/ubuntu/.m2/repository/org/eclipse/jetty/jetty-http/11.0.18/jetty-http-11.0.18.jar:/home/ubuntu/.m2/repository/org/eclipse/jetty/jetty-io/11.0.18/jetty-io-11.0.18.jar:/home/ubuntu/.m2/repository/org/eclipse/jetty/jetty-servlet/11.0.18/jetty-servlet-11.0.18.jar:/home/ubuntu/.m2/repository/org/eclipse/jetty/jetty-security/11.0.18/jetty-security-11.0.18.jar:/home/ubuntu/.m2/repository/org/eclipse/jetty/jetty-servlets/11.0.18/jetty-servlets-11.0.18.jar:/home/ubuntu/.m2/repository/org/eclipse/jetty/jetty-util/11.0.18/jetty-util-11.0.18.jar:/home/ubuntu/.m2/repository/org/eclipse/jetty/jetty-webapp/11.0.18/jetty-webapp-11.0.18.jar:/home/ubuntu/.m2/repository/org/eclipse/jetty/jetty-xml/11.0.18/jetty-xml-11.0.18.jar:/home/ubuntu/.m2/repository/org/eclipse/jetty/jetty-proxy/11.0.18/jetty-proxy-11.0.18.jar:/home/ubuntu/.m2/repository/org/eclipse/jetty/jetty-client/11.0.18/jetty-client-11.0.18.jar:/home/ubuntu/.m2/repository/org/eclipse/jetty/http2/http2-server/11.0.18/http2-server-11.0.18.jar:/home/ubuntu/.m2/repository/org/eclipse/jetty/http2/http2-common/11.0.18/http2-common-11.0.18.jar:/home/ubuntu/.m2/repository/org/eclipse/jetty/http2/http2-hpack/11.0.18/http2-hpack-11.0.18.jar:/home/ubuntu/.m2/repository/org/eclipse/jetty/jetty-alpn-server/11.0.18/jetty-alpn-server-11.0.18.jar:/home/ubuntu/.m2/repository/org/eclipse/jetty/jetty-alpn-java-server/11.0.18/jetty-alpn-java-server-11.0.18.jar:/home/ubuntu/.m2/repository/org/eclipse/jetty/jetty-alpn-java-client/11.0.18/jetty-alpn-java-client-11.0.18.jar:/home/ubuntu/.m2/repository/org/eclipse/jetty/jetty-alpn-client/11.0.18/jetty-alpn-client-11.0.18.jar:/home/ubuntu/.m2/repository/com/google/guava/guava/32.1.3-jre/guava-32.1.3-jre.jar:/home/ubuntu/.m2/repository/com/google/guava/failureaccess/1.0.1/failureaccess-1.0.1.jar:/home/ubuntu/.m2/repository/com/google/guava/listenablefuture/9999.0-empty-to-avoid-conflict-with-guava/listenablefuture-9999.0-empty-to-avoid-conflict-with-guava.jar:/home/ubuntu/.m2/repository/org/checkerframework/checker-qual/3.37.0/checker-qual-3.37.0.jar:/home/ubuntu/.m2/repository/com/google/errorprone/error_prone_annotations/2.21.1/error_prone_annotations-2.21.1.jar:/home/ubuntu/.m2/repository/com/google/j2objc/j2objc-annotations/2.8/j2objc-annotations-2.8.jar:/home/ubuntu/.m2/repository/org/apache/httpcomponents/client5/httpclient5/5.2.1/httpclient5-5.2.1.jar:/home/ubuntu/.m2/repository/org/apache/httpcomponents/core5/httpcore5/5.2/httpcore5-5.2.jar:/home/ubuntu/.m2/repository/org/apache/httpcomponents/core5/httpcore5-h2/5.2/httpcore5-h2-5.2.jar:/home/ubuntu/.m2/repository/org/xmlunit/xmlunit-core/2.9.1/xmlunit-core-2.9.1.jar:/home/ubuntu/.m2/repository/jakarta/xml/bind/jakarta.xml.bind-api/2.3.3/jakarta.xml.bind-api-2.3.3.jar:/home/ubuntu/.m2/repository/jakarta/activation/jakarta.activation-api/1.2.2/jakarta.activation-api-1.2.2.jar:/home/ubuntu/.m2/repository/org/xmlunit/xmlunit-legacy/2.9.1/xmlunit-legacy-2.9.1.jar:/home/ubuntu/.m2/repository/org/xmlunit/xmlunit-placeholders/2.9.1/xmlunit-placeholders-2.9.1.jar:/home/ubuntu/.m2/repository/net/javacrumbs/json-unit/json-unit-core/2.38.0/json-unit-core-2.38.0.jar:/home/ubuntu/.m2/repository/org/hamcrest/hamcrest-core/2.2/hamcrest-core-2.2.jar:/home/ubuntu/.m2/repository/org/hamcrest/hamcrest/2.2/hamcrest-2.2.jar:/home/ubuntu/.m2/repository/com/jayway/jsonpath/json-path/2.8.0/json-path-2.8.0.jar:/home/ubuntu/.m2/repository/net/minidev/json-smart/2.4.10/json-smart-2.4.10.jar:/home/ubuntu/.m2/repository/net/minidev/accessors-smart/2.4.9/accessors-smart-2.4.9.jar:/home/ubuntu/.m2/repository/org/ow2/asm/asm/9.6/asm-9.6.jar:/home/ubuntu/.m2/repository/net/sf/jopt-simple/jopt-simple/5.0.4/jopt-simple-5.0.4.jar:/home/ubuntu/.m2/repository/org/apache/commons/commons-lang3/3.13.0/commons-lang3-3.13.0.jar:/home/ubuntu/.m2/repository/com/github/jknack/handlebars/4.3.1/handlebars-4.3.1.jar:/home/ubuntu/.m2/repository/com/github/jknack/handlebars-helpers/4.3.1/handlebars-helpers-4.3.1.jar:/home/ubuntu/.m2/repository/commons-fileupload/commons-fileupload/1.5/commons-fileupload-1.5.jar:/home/ubuntu/.m2/repository/commons-io/commons-io/2.15.0/commons-io-2.15.0.jar:/home/ubuntu/.m2/repository/com/networknt/json-schema-validator/1.0.87/json-schema-validator-1.0.87.jar:/home/ubuntu/.m2/repository/com/ethlo/time/itu/1.7.0/itu-1.7.0.jar:/home/ubuntu/.m2/repository/com/fasterxml/jackson/dataformat/jackson-dataformat-yaml/2.15.2/jackson-dataformat-yaml-2.15.2.jar:/home/ubuntu/.m2/repository/org/yaml/snakeyaml/2.0/snakeyaml-2.0.jar:/home/ubuntu/.m2/repository/org/slf4j/slf4j-api/1.7.36/slf4j-api-1.7.36.jar:"/>
    <property name="java.vm.vendor" value="Ubuntu"/>
    <property name="sun.arch.data.model" value="64"/>
    <property name="java.vendor.url" value="https://ubuntu.com/"/>
    <property name="user.timezone" value="UTC"/>
    <property name="os.name" value="Linux"/>
    <property name="java.vm.specification.version" value="21"/>
    <property name="sun.java.launcher" value="SUN_STANDARD"/>
    <property name="user.country" value="US"/>
    <property name="sun.boot.library.path" value="/usr/lib/jvm/java-21-openjdk-amd64/lib"/>
    <property name="sun.java.command" value="/workspace/target/surefire/surefirebooter-20250909204632860_3.jar /workspace/target/surefire 2025-09-09T20-46-32_816-jvmRun1 surefire-20250909204632860_1tmp surefire_0-20250909204632860_2tmp"/>
    <property name="jdk.debug" value="release"/>
    <property name="surefire.test.class.path" value="/workspace/target/test-classes:/workspace/target/classes:/home/ubuntu/.m2/repository/com/fasterxml/jackson/core/jackson-core/2.16.1/jackson-core-2.16.1.jar:/home/ubuntu/.m2/repository/com/fasterxml/jackson/core/jackson-annotations/2.16.1/jackson-annotations-2.16.1.jar:/home/ubuntu/.m2/repository/com/fasterxml/jackson/core/jackson-databind/2.16.1/jackson-databind-2.16.1.jar:/home/ubuntu/.m2/repository/com/fasterxml/jackson/datatype/jackson-datatype-jsr310/2.16.1/jackson-datatype-jsr310-2.16.1.jar:/home/ubuntu/.m2/repository/org/apache/httpcomponents/httpclient/4.5.14/httpclient-4.5.14.jar:/home/ubuntu/.m2/repository/org/apache/httpcomponents/httpcore/4.4.16/httpcore-4.4.16.jar:/home/ubuntu/.m2/repository/commons-logging/commons-logging/1.2/commons-logging-1.2.jar:/home/ubuntu/.m2/repository/commons-codec/commons-codec/1.11/commons-codec-1.11.jar:/home/ubuntu/.m2/repository/org/apache/httpcomponents/httpmime/4.5.14/httpmime-4.5.14.jar:/home/ubuntu/.m2/repository/io/swagger/swagger-annotations/1.6.12/swagger-annotations-1.6.12.jar:/home/ubuntu/.m2/repository/javax/annotation/javax.annotation-api/1.3.2/javax.annotation-api-1.3.2.jar:/home/ubuntu/.m2/repository/com/google/code/findbugs/jsr305/3.0.2/jsr305-3.0.2.jar:/home/ubuntu/.m2/repository/org/junit/jupiter/junit-jupiter/5.10.1/junit-jupiter-5.10.1.jar:/home/ubuntu/.m2/repository/org/junit/jupiter/junit-jupiter-api/5.10.1/junit-jupiter-api-5.10.1.jar:/home/ubuntu/.m2/repository/org/opentest4j/opentest4j/1.3.0/opentest4j-1.3.0.jar:/home/ubuntu/.m2/repository/org/junit/platform/junit-platform-commons/1.10.1/junit-platform-commons-1.10.1.jar:/home/ubuntu/.m2/repository/org/apiguardian/apiguardian-api/1.1.2/apiguardian-api-1.1.2.jar:/home/ubuntu/.m2/repository/org/junit/jupiter/junit-jupiter-params/5.10.1/junit-jupiter-params-5.10.1.jar:/home/ubuntu/.m2/repository/org/junit/jupiter/junit-jupiter-engine/5.10.1/junit-jupiter-engine-5.10.1.jar:/home/ubuntu/.m2/repository/org/junit/platform/junit-platform-engine/1.10.1/junit-platform-engine-1.10.1.jar:/home/ubuntu/.m2/repository/org/wiremock/wiremock/3.3.1/wiremock-3.3.1.jar:/home/ubuntu/.m2/repository/org/eclipse/jetty/jetty-server/11.0.18/jetty-server-11.0.18.jar:/home/ubuntu/.m2/repository/org/eclipse/jetty/toolchain/jetty-jakarta-servlet-api/5.0.2/jetty-jakarta-servlet-api-5.0.2.jar:/home/ubuntu/.m2/repository/org/eclipse/jetty/jetty-http/11.0.18/jetty-http-11.0.18.jar:/home/ubuntu/.m2/repository/org/eclipse/jetty/jetty-io/11.0.18/jetty-io-11.0.18.jar:/home/ubuntu/.m2/repository/org/eclipse/jetty/jetty-servlet/11.0.18/jetty-servlet-11.0.18.jar:/home/ubuntu/.m2/repository/org/eclipse/jetty/jetty-security/11.0.18/jetty-security-11.0.18.jar:/home/ubuntu/.m2/repository/org/eclipse/jetty/jetty-servlets/11.0.18/jetty-servlets-11.0.18.jar:/home/ubuntu/.m2/repository/org/eclipse/jetty/jetty-util/11.0.18/jetty-util-11.0.18.jar:/home/ubuntu/.m2/repository/org/eclipse/jetty/jetty-webapp/11.0.18/jetty-webapp-11.0.18.jar:/home/ubuntu/.m2/repository/org/eclipse/jetty/jetty-xml/11.0.18/jetty-xml-11.0.18.jar:/home/ubuntu/.m2/repository/org/eclipse/jetty/jetty-proxy/11.0.18/jetty-proxy-11.0.18.jar:/home/ubuntu/.m2/repository/org/eclipse/jetty/jetty-client/11.0.18/jetty-client-11.0.18.jar:/home/ubuntu/.m2/repository/org/eclipse/jetty/http2/http2-server/11.0.18/http2-server-11.0.18.jar:/home/ubuntu/.m2/repository/org/eclipse/jetty/http2/http2-common/11.0.18/http2-common-11.0.18.jar:/home/ubuntu/.m2/repository/org/eclipse/jetty/http2/http2-hpack/11.0.18/http2-hpack-11.0.18.jar:/home/ubuntu/.m2/repository/org/eclipse/jetty/jetty-alpn-server/11.0.18/jetty-alpn-server-11.0.18.jar:/home/ubuntu/.m2/repository/org/eclipse/jetty/jetty-alpn-java-server/11.0.18/jetty-alpn-java-server-11.0.18.jar:/home/ubuntu/.m2/repository/org/eclipse/jetty/jetty-alpn-java-client/11.0.18/jetty-alpn-java-client-11.0.18.jar:/home/ubuntu/.m2/repository/org/eclipse/jetty/jetty-alpn-client/11.0.18/jetty-alpn-client-11.0.18.jar:/home/ubuntu/.m2/repository/com/google/guava/guava/32.1.3-jre/guava-32.1.3-jre.jar:/home/ubuntu/.m2/repository/com/google/guava/failureaccess/1.0.1/failureaccess-1.0.1.jar:/home/ubuntu/.m2/repository/com/google/guava/listenablefuture/9999.0-empty-to-avoid-conflict-with-guava/listenablefuture-9999.0-empty-to-avoid-conflict-with-guava.jar:/home/ubuntu/.m2/repository/org/checkerframework/checker-qual/3.37.0/checker-qual-3.37.0.jar:/home/ubuntu/.m2/repository/com/google/errorprone/error_prone_annotations/2.21.1/error_prone_annotations-2.21.1.jar:/home/ubuntu/.m2/repository/com/google/j2objc/j2objc-annotations/2.8/j2objc-annotations-2.8.jar:/home/ubuntu/.m2/repository/org/apache/httpcomponents/client5/httpclient5/5.2.1/httpclient5-5.2.1.jar:/home/ubuntu/.m2/repository/org/apache/httpcomponents/core5/httpcore5/5.2/httpcore5-5.2.jar:/home/ubuntu/.m2/repository/org/apache/httpcomponents/core5/httpcore5-h2/5.2/httpcore5-h2-5.2.jar:/home/ubuntu/.m2/repository/org/xmlunit/xmlunit-core/2.9.1/xmlunit-core-2.9.1.jar:/home/ubuntu/.m2/repository/jakarta/xml/bind/jakarta.xml.bind-api/2.3.3/jakarta.xml.bind-api-2.3.3.jar:/home/ubuntu/.m2/repository/jakarta/activation/jakarta.activation-api/1.2.2/jakarta.activation-api-1.2.2.jar:/home/ubuntu/.m2/repository/org/xmlunit/xmlunit-legacy/2.9.1/xmlunit-legacy-2.9.1.jar:/home/ubuntu/.m2/repository/org/xmlunit/xmlunit-placeholders/2.9.1/xmlunit-placeholders-2.9.1.jar:/home/ubuntu/.m2/repository/net/javacrumbs/json-unit/json-unit-core/2.38.0/json-unit-core-2.38.0.jar:/home/ubuntu/.m2/repository/org/hamcrest/hamcrest-core/2.2/hamcrest-core-2.2.jar:/home/ubuntu/.m2/repository/org/hamcrest/hamcrest/2.2/hamcrest-2.2.jar:/home/ubuntu/.m2/repository/com/jayway/jsonpath/json-path/2.8.0/json-path-2.8.0.jar:/home/ubuntu/.m2/repository/net/minidev/json-smart/2.4.10/json-smart-2.4.10.jar:/home/ubuntu/.m2/repository/net/minidev/accessors-smart/2.4.9/accessors-smart-2.4.9.jar:/home/ubuntu/.m2/repository/org/ow2/asm/asm/9.6/asm-9.6.jar:/home/ubuntu/.m2/repository/net/sf/jopt-simple/jopt-simple/5.0.4/jopt-simple-5.0.4.jar:/home/ubuntu/.m2/repository/org/apache/commons/commons-lang3/3.13.0/commons-lang3-3.13.0.jar:/home/ubuntu/.m2/repository/com/github/jknack/handlebars/4.3.1/handlebars-4.3.1.jar:/home/ubuntu/.m2/repository/com/github/jknack/handlebars-helpers/4.3.1/handlebars-helpers-4.3.1.jar:/home/ubuntu/.m2/repository/commons-fileupload/commons-fileupload/1.5/commons-fileupload-1.5.jar:/home/ubuntu/.m2/repository/commons-io/commons-io/2.15.0/commons-io-2.15.0.jar:/home/ubuntu/.m2/repository/com/networknt/json-schema-validator/1.0.87/json-schema-validator-1.0.87.jar:/home/ubuntu/.m2/repository/com/ethlo/time/itu/1.7.0/itu-1.7.0.jar:/home/ubuntu/.m2/repository/com/fasterxml/jackson/dataformat/jackson-dataformat-yaml/2.15.2/jackson-dataformat-yaml-2.15.2.jar:/home/ubuntu/.m2/repository/org/yaml/snakeyaml/2.0/snakeyaml-2.0.jar:/home/ubuntu/.m2/repository/org/slf4j/slf4j-api/1.7.36/slf4j-api-1.7.36.jar:"/>
    <property name="sun.cpu.endian" value="little"/>
    <property name="user.home" value="/home/ubuntu"/>
    <property name="user.language" value="en"/>
    <property name="java.specification.vendor" value="Oracle Corporation"/>
    <property name="java.version.date" value="2025-04-15"/>
    <property name="java.home" value="/usr/lib/jvm/java-21-openjdk-amd64"/>
    <property name="file.separator" value="/"/>
    <property name="basedir" value="/workspace"/>
    <property name="java.vm.compressedOopsMode" value="Zero based"/>
    <property name="line.separator" value="&#10;"/>
    <property name="java.vm.specification.vendor" value="Oracle Corporation"/>
    <property name="java.specification.name" value="Java Platform API Specification"/>
    <property name="surefire.real.class.path" value="/workspace/target/surefire/surefirebooter-20250909204632860_3.jar"/>
    <property name="sun.management.compiler" value="HotSpot 64-Bit Tiered Compilers"/>
    <property name="org.eclipse.jetty.http.HttpGenerator.STRICT" value="true"/>
    <property name="java.runtime.version" value="21.0.7+6-Ubuntu-0ubuntu125.04"/>
    <property name="user.name" value="ubuntu"/>
    <property name="stdout.encoding" value="UTF-8"/>
    <property name="path.separator" value=":"/>
    <property name="os.version" value="6.1.147"/>
    <property name="java.runtime.name" value="OpenJDK Runtime Environment"/>
    <property name="file.encoding" value="UTF-8"/>
    <property name="java.vm.name" value="OpenJDK 64-Bit Server VM"/>
    <property name="localRepository" value="/home/ubuntu/.m2/repository"/>
    <property name="javax.xml.xpath.XPathFactory:http://java.sun.com/jaxp/xpath/dom" value="com.sun.org.apache.xpath.internal.jaxp.XPathFactoryImpl"/>
    <property name="java.vendor.url.bug" value="https://bugs.launchpad.net/ubuntu/+source/openjdk-21"/>
    <property name="jetty.git.hash" value="5a9a771a9fbcb9d36993630850f612581b78c13f"/>
    <property name="java.io.tmpdir" value="/tmp"/>
    <property name="java.version" value="21.0.7"/>
    <property name="user.dir" value="/workspace"/>
    <property name="os.arch" value="amd64"/>
    <property name="java.vm.specification.name" value="Java Virtual Machine Specification"/>
    <property name="native.encoding" value="UTF-8"/>
    <property name="java.library.path" value="/usr/java/packages/lib:/usr/lib/x86_64-linux-gnu/jni:/lib/x86_64-linux-gnu:/usr/lib/x86_64-linux-gnu:/usr/lib/jni:/lib:/usr/lib"/>
    <property name="java.vm.info" value="mixed mode, sharing"/>
    <property name="stderr.encoding" value="UTF-8"/>
    <property name="java.vendor" value="Ubuntu"/>
    <property name="java.vm.version" value="21.0.7+6-Ubuntu-0ubuntu125.04"/>
    <property name="sun.io.unicode.encoding" value="UnicodeLittle"/>
    <property name="javax.xml.transform.TransformerFactory" value="com.sun.org.apache.xalan.internal.xsltc.trax.TransformerFactoryImpl"/>
    <property name="java.class.version" value="65.0"/>
  </properties>
  <testcase name="testListCursors_BadRequest" classname="com.example.client.CursorsApiWireMockTest" time="0.644">
    <failure message="Unexpected exception type thrown, expected: &lt;com.example.client.ApiException&gt; but was: &lt;java.lang.IllegalArgumentException&gt;" type="org.opentest4j.AssertionFailedError"><![CDATA[org.opentest4j.AssertionFailedError: Unexpected exception type thrown, expected: <com.example.client.ApiException> but was: <java.lang.IllegalArgumentException>
	at org.junit.jupiter.api.AssertionFailureBuilder.build(AssertionFailureBuilder.java:151)
	at org.junit.jupiter.api.AssertThrows.assertThrows(AssertThrows.java:67)
	at org.junit.jupiter.api.AssertThrows.assertThrows(AssertThrows.java:35)
	at org.junit.jupiter.api.Assertions.assertThrows(Assertions.java:3115)
	at com.example.client.CursorsApiWireMockTest.testListCursors_BadRequest(CursorsApiWireMockTest.java:114)
	at java.base/java.lang.reflect.Method.invoke(Method.java:580)
	at java.base/java.util.ArrayList.forEach(ArrayList.java:1596)
	at java.base/java.util.ArrayList.forEach(ArrayList.java:1596)
Caused by: java.lang.IllegalArgumentException: unsupported URI http://localhost:8080http://localhost:8080/cursors?page=0&limit=10
	at java.net.http/jdk.internal.net.http.common.Utils.newIAE(Utils.java:326)
	at java.net.http/jdk.internal.net.http.HttpRequestBuilderImpl.checkURI(HttpRequestBuilderImpl.java:85)
	at java.net.http/jdk.internal.net.http.HttpRequestBuilderImpl.uri(HttpRequestBuilderImpl.java:71)
	at java.net.http/jdk.internal.net.http.HttpRequestBuilderImpl.uri(HttpRequestBuilderImpl.java:43)
	at com.example.client.api.CursorsApi.listCursorsRequestBuilder(CursorsApi.java:383)
	at com.example.client.api.CursorsApi.listCursorsWithHttpInfo(CursorsApi.java:335)
	at com.example.client.api.CursorsApi.listCursors(CursorsApi.java:322)
	at com.example.client.CursorsApiWireMockTest.lambda$testListCursors_BadRequest$0(CursorsApiWireMockTest.java:115)
	at org.junit.jupiter.api.AssertThrows.assertThrows(AssertThrows.java:53)
	... 6 more
]]></failure>
    <system-err><![CDATA[SLF4J: Failed to load class "org.slf4j.impl.StaticLoggerBinder".
SLF4J: Defaulting to no-operation (NOP) logger implementation
SLF4J: See http://www.slf4j.org/codes.html#StaticLoggerBinder for further details.
]]></system-err>
  </testcase>
  <testcase name="testDeleteCursor_Success" classname="com.example.client.CursorsApiWireMockTest" time="0.023">
    <failure message="Unexpected exception thrown: java.lang.IllegalArgumentException: unsupported URI http://localhost:8080http://localhost:8080/cursors/cursor-001" type="org.opentest4j.AssertionFailedError"><![CDATA[org.opentest4j.AssertionFailedError: Unexpected exception thrown: java.lang.IllegalArgumentException: unsupported URI http://localhost:8080http://localhost:8080/cursors/cursor-001
	at org.junit.jupiter.api.AssertionFailureBuilder.build(AssertionFailureBuilder.java:152)
	at org.junit.jupiter.api.AssertDoesNotThrow.createAssertionFailedError(AssertDoesNotThrow.java:84)
	at org.junit.jupiter.api.AssertDoesNotThrow.assertDoesNotThrow(AssertDoesNotThrow.java:53)
	at org.junit.jupiter.api.AssertDoesNotThrow.assertDoesNotThrow(AssertDoesNotThrow.java:36)
	at org.junit.jupiter.api.Assertions.assertDoesNotThrow(Assertions.java:3168)
	at com.example.client.CursorsApiWireMockTest.testDeleteCursor_Success(CursorsApiWireMockTest.java:287)
	at java.base/java.lang.reflect.Method.invoke(Method.java:580)
	at java.base/java.util.ArrayList.forEach(ArrayList.java:1596)
	at java.base/java.util.ArrayList.forEach(ArrayList.java:1596)
Caused by: java.lang.IllegalArgumentException: unsupported URI http://localhost:8080http://localhost:8080/cursors/cursor-001
	at java.net.http/jdk.internal.net.http.common.Utils.newIAE(Utils.java:326)
	at java.net.http/jdk.internal.net.http.HttpRequestBuilderImpl.checkURI(HttpRequestBuilderImpl.java:85)
	at java.net.http/jdk.internal.net.http.HttpRequestBuilderImpl.uri(HttpRequestBuilderImpl.java:71)
	at java.net.http/jdk.internal.net.http.HttpRequestBuilderImpl.uri(HttpRequestBuilderImpl.java:43)
	at com.example.client.api.CursorsApi.deleteCursorRequestBuilder(CursorsApi.java:228)
	at com.example.client.api.CursorsApi.deleteCursorWithHttpInfo(CursorsApi.java:184)
	at com.example.client.api.CursorsApi.deleteCursor(CursorsApi.java:173)
	at com.example.client.CursorsApiWireMockTest.lambda$testDeleteCursor_Success$3(CursorsApiWireMockTest.java:288)
	at org.junit.jupiter.api.AssertDoesNotThrow.assertDoesNotThrow(AssertDoesNotThrow.java:49)
	... 6 more
]]></failure>
  </testcase>
  <testcase name="testMoveCursor_Success" classname="com.example.client.CursorsApiWireMockTest" time="0.021">
    <error message="unsupported URI http://localhost:8080http://localhost:8080/cursors/cursor-001/move" type="java.lang.IllegalArgumentException"><![CDATA[java.lang.IllegalArgumentException: unsupported URI http://localhost:8080http://localhost:8080/cursors/cursor-001/move
	at java.net.http/jdk.internal.net.http.common.Utils.newIAE(Utils.java:326)
	at java.net.http/jdk.internal.net.http.HttpRequestBuilderImpl.checkURI(HttpRequestBuilderImpl.java:85)
	at java.net.http/jdk.internal.net.http.HttpRequestBuilderImpl.uri(HttpRequestBuilderImpl.java:71)
	at java.net.http/jdk.internal.net.http.HttpRequestBuilderImpl.uri(HttpRequestBuilderImpl.java:43)
	at com.example.client.api.CursorsApi.moveCursorRequestBuilder(CursorsApi.java:464)
	at com.example.client.api.CursorsApi.moveCursorWithHttpInfo(CursorsApi.java:421)
	at com.example.client.api.CursorsApi.moveCursor(CursorsApi.java:408)
	at com.example.client.CursorsApiWireMockTest.testMoveCursor_Success(CursorsApiWireMockTest.java:343)
	at java.base/java.lang.reflect.Method.invoke(Method.java:580)
	at java.base/java.util.ArrayList.forEach(ArrayList.java:1596)
	at java.base/java.util.ArrayList.forEach(ArrayList.java:1596)
]]></error>
  </testcase>
  <testcase name="testCreateCursor_ValidationError" classname="com.example.client.CursorsApiWireMockTest" time="0.025">
    <failure message="Unexpected exception type thrown, expected: &lt;com.example.client.ApiException&gt; but was: &lt;java.lang.IllegalArgumentException&gt;" type="org.opentest4j.AssertionFailedError"><![CDATA[org.opentest4j.AssertionFailedError: Unexpected exception type thrown, expected: <com.example.client.ApiException> but was: <java.lang.IllegalArgumentException>
	at org.junit.jupiter.api.AssertionFailureBuilder.build(AssertionFailureBuilder.java:151)
	at org.junit.jupiter.api.AssertThrows.assertThrows(AssertThrows.java:67)
	at org.junit.jupiter.api.AssertThrows.assertThrows(AssertThrows.java:35)
	at org.junit.jupiter.api.Assertions.assertThrows(Assertions.java:3115)
	at com.example.client.CursorsApiWireMockTest.testCreateCursor_ValidationError(CursorsApiWireMockTest.java:177)
	at java.base/java.lang.reflect.Method.invoke(Method.java:580)
	at java.base/java.util.ArrayList.forEach(ArrayList.java:1596)
	at java.base/java.util.ArrayList.forEach(ArrayList.java:1596)
Caused by: java.lang.IllegalArgumentException: unsupported URI http://localhost:8080http://localhost:8080/cursors
	at java.net.http/jdk.internal.net.http.common.Utils.newIAE(Utils.java:326)
	at java.net.http/jdk.internal.net.http.HttpRequestBuilderImpl.checkURI(HttpRequestBuilderImpl.java:85)
	at java.net.http/jdk.internal.net.http.HttpRequestBuilderImpl.uri(HttpRequestBuilderImpl.java:71)
	at java.net.http/jdk.internal.net.http.HttpRequestBuilderImpl.uri(HttpRequestBuilderImpl.java:43)
	at com.example.client.api.CursorsApi.createCursorRequestBuilder(CursorsApi.java:147)
	at com.example.client.api.CursorsApi.createCursorWithHttpInfo(CursorsApi.java:109)
	at com.example.client.api.CursorsApi.createCursor(CursorsApi.java:97)
	at com.example.client.CursorsApiWireMockTest.lambda$testCreateCursor_ValidationError$1(CursorsApiWireMockTest.java:178)
	at org.junit.jupiter.api.AssertThrows.assertThrows(AssertThrows.java:53)
	... 6 more
]]></failure>
  </testcase>
  <testcase name="testGetCursorById_NotFound" classname="com.example.client.CursorsApiWireMockTest" time="0.016">
    <failure message="Unexpected exception type thrown, expected: &lt;com.example.client.ApiException&gt; but was: &lt;java.lang.IllegalArgumentException&gt;" type="org.opentest4j.AssertionFailedError"><![CDATA[org.opentest4j.AssertionFailedError: Unexpected exception type thrown, expected: <com.example.client.ApiException> but was: <java.lang.IllegalArgumentException>
	at org.junit.jupiter.api.AssertionFailureBuilder.build(AssertionFailureBuilder.java:151)
	at org.junit.jupiter.api.AssertThrows.assertThrows(AssertThrows.java:67)
	at org.junit.jupiter.api.AssertThrows.assertThrows(AssertThrows.java:35)
	at org.junit.jupiter.api.Assertions.assertThrows(Assertions.java:3115)
	at com.example.client.CursorsApiWireMockTest.testGetCursorById_NotFound(CursorsApiWireMockTest.java:233)
	at java.base/java.lang.reflect.Method.invoke(Method.java:580)
	at java.base/java.util.ArrayList.forEach(ArrayList.java:1596)
	at java.base/java.util.ArrayList.forEach(ArrayList.java:1596)
Caused by: java.lang.IllegalArgumentException: unsupported URI http://localhost:8080http://localhost:8080/cursors/cursor-999
	at java.net.http/jdk.internal.net.http.common.Utils.newIAE(Utils.java:326)
	at java.net.http/jdk.internal.net.http.HttpRequestBuilderImpl.checkURI(HttpRequestBuilderImpl.java:85)
	at java.net.http/jdk.internal.net.http.HttpRequestBuilderImpl.uri(HttpRequestBuilderImpl.java:71)
	at java.net.http/jdk.internal.net.http.HttpRequestBuilderImpl.uri(HttpRequestBuilderImpl.java:43)
	at com.example.client.api.CursorsApi.getCursorByIdRequestBuilder(CursorsApi.java:300)
	at com.example.client.api.CursorsApi.getCursorByIdWithHttpInfo(CursorsApi.java:261)
	at com.example.client.api.CursorsApi.getCursorById(CursorsApi.java:249)
	at com.example.client.CursorsApiWireMockTest.lambda$testGetCursorById_NotFound$2(CursorsApiWireMockTest.java:234)
	at org.junit.jupiter.api.AssertThrows.assertThrows(AssertThrows.java:53)
	... 6 more
]]></failure>
  </testcase>
  <testcase name="testListCursors_Success" classname="com.example.client.CursorsApiWireMockTest" time="0.024">
    <error message="unsupported URI http://localhost:8080http://localhost:8080/cursors?page=1&amp;limit=10" type="java.lang.IllegalArgumentException"><![CDATA[java.lang.IllegalArgumentException: unsupported URI http://localhost:8080http://localhost:8080/cursors?page=1&limit=10
	at java.net.http/jdk.internal.net.http.common.Utils.newIAE(Utils.java:326)
	at java.net.http/jdk.internal.net.http.HttpRequestBuilderImpl.checkURI(HttpRequestBuilderImpl.java:85)
	at java.net.http/jdk.internal.net.http.HttpRequestBuilderImpl.uri(HttpRequestBuilderImpl.java:71)
	at java.net.http/jdk.internal.net.http.HttpRequestBuilderImpl.uri(HttpRequestBuilderImpl.java:43)
	at com.example.client.api.CursorsApi.listCursorsRequestBuilder(CursorsApi.java:383)
	at com.example.client.api.CursorsApi.listCursorsWithHttpInfo(CursorsApi.java:335)
	at com.example.client.api.CursorsApi.listCursors(CursorsApi.java:322)
	at com.example.client.CursorsApiWireMockTest.testListCursors_Success(CursorsApiWireMockTest.java:66)
	at java.base/java.lang.reflect.Method.invoke(Method.java:580)
	at java.base/java.util.ArrayList.forEach(ArrayList.java:1596)
	at java.base/java.util.ArrayList.forEach(ArrayList.java:1596)
]]></error>
  </testcase>
  <testcase name="testDeleteCursor_NotFound" classname="com.example.client.CursorsApiWireMockTest" time="0.012">
    <failure message="Unexpected exception type thrown, expected: &lt;com.example.client.ApiException&gt; but was: &lt;java.lang.IllegalArgumentException&gt;" type="org.opentest4j.AssertionFailedError"><![CDATA[org.opentest4j.AssertionFailedError: Unexpected exception type thrown, expected: <com.example.client.ApiException> but was: <java.lang.IllegalArgumentException>
	at org.junit.jupiter.api.AssertionFailureBuilder.build(AssertionFailureBuilder.java:151)
	at org.junit.jupiter.api.AssertThrows.assertThrows(AssertThrows.java:67)
	at org.junit.jupiter.api.AssertThrows.assertThrows(AssertThrows.java:35)
	at org.junit.jupiter.api.Assertions.assertThrows(Assertions.java:3115)
	at com.example.client.CursorsApiWireMockTest.testDeleteCursor_NotFound(CursorsApiWireMockTest.java:311)
	at java.base/java.lang.reflect.Method.invoke(Method.java:580)
	at java.base/java.util.ArrayList.forEach(ArrayList.java:1596)
	at java.base/java.util.ArrayList.forEach(ArrayList.java:1596)
Caused by: java.lang.IllegalArgumentException: unsupported URI http://localhost:8080http://localhost:8080/cursors/cursor-999
	at java.net.http/jdk.internal.net.http.common.Utils.newIAE(Utils.java:326)
	at java.net.http/jdk.internal.net.http.HttpRequestBuilderImpl.checkURI(HttpRequestBuilderImpl.java:85)
	at java.net.http/jdk.internal.net.http.HttpRequestBuilderImpl.uri(HttpRequestBuilderImpl.java:71)
	at java.net.http/jdk.internal.net.http.HttpRequestBuilderImpl.uri(HttpRequestBuilderImpl.java:43)
	at com.example.client.api.CursorsApi.deleteCursorRequestBuilder(CursorsApi.java:228)
	at com.example.client.api.CursorsApi.deleteCursorWithHttpInfo(CursorsApi.java:184)
	at com.example.client.api.CursorsApi.deleteCursor(CursorsApi.java:173)
	at com.example.client.CursorsApiWireMockTest.lambda$testDeleteCursor_NotFound$4(CursorsApiWireMockTest.java:312)
	at org.junit.jupiter.api.AssertThrows.assertThrows(AssertThrows.java:53)
	... 6 more
]]></failure>
  </testcase>
  <testcase name="testUpdateCursor_Success" classname="com.example.client.CursorsApiWireMockTest" time="0.021">
    <error message="unsupported URI http://localhost:8080http://localhost:8080/cursors/cursor-001" type="java.lang.IllegalArgumentException"><![CDATA[java.lang.IllegalArgumentException: unsupported URI http://localhost:8080http://localhost:8080/cursors/cursor-001
	at java.net.http/jdk.internal.net.http.common.Utils.newIAE(Utils.java:326)
	at java.net.http/jdk.internal.net.http.HttpRequestBuilderImpl.checkURI(HttpRequestBuilderImpl.java:85)
	at java.net.http/jdk.internal.net.http.HttpRequestBuilderImpl.uri(HttpRequestBuilderImpl.java:71)
	at java.net.http/jdk.internal.net.http.HttpRequestBuilderImpl.uri(HttpRequestBuilderImpl.java:43)
	at com.example.client.api.CursorsApi.updateCursorRequestBuilder(CursorsApi.java:548)
	at com.example.client.api.CursorsApi.updateCursorWithHttpInfo(CursorsApi.java:505)
	at com.example.client.api.CursorsApi.updateCursor(CursorsApi.java:492)
	at com.example.client.CursorsApiWireMockTest.testUpdateCursor_Success(CursorsApiWireMockTest.java:265)
	at java.base/java.lang.reflect.Method.invoke(Method.java:580)
	at java.base/java.util.ArrayList.forEach(ArrayList.java:1596)
	at java.base/java.util.ArrayList.forEach(ArrayList.java:1596)
]]></error>
  </testcase>
  <testcase name="testGetCursorById_Success" classname="com.example.client.CursorsApiWireMockTest" time="0.012">
    <error message="unsupported URI http://localhost:8080http://localhost:8080/cursors/cursor-001" type="java.lang.IllegalArgumentException"><![CDATA[java.lang.IllegalArgumentException: unsupported URI http://localhost:8080http://localhost:8080/cursors/cursor-001
	at java.net.http/jdk.internal.net.http.common.Utils.newIAE(Utils.java:326)
	at java.net.http/jdk.internal.net.http.HttpRequestBuilderImpl.checkURI(HttpRequestBuilderImpl.java:85)
	at java.net.http/jdk.internal.net.http.HttpRequestBuilderImpl.uri(HttpRequestBuilderImpl.java:71)
	at java.net.http/jdk.internal.net.http.HttpRequestBuilderImpl.uri(HttpRequestBuilderImpl.java:43)
	at com.example.client.api.CursorsApi.getCursorByIdRequestBuilder(CursorsApi.java:300)
	at com.example.client.api.CursorsApi.getCursorByIdWithHttpInfo(CursorsApi.java:261)
	at com.example.client.api.CursorsApi.getCursorById(CursorsApi.java:249)
	at com.example.client.CursorsApiWireMockTest.testGetCursorById_Success(CursorsApiWireMockTest.java:206)
	at java.base/java.lang.reflect.Method.invoke(Method.java:580)
	at java.base/java.util.ArrayList.forEach(ArrayList.java:1596)
	at java.base/java.util.ArrayList.forEach(ArrayList.java:1596)
]]></error>
  </testcase>
  <testcase name="testCreateCursor_Success" classname="com.example.client.CursorsApiWireMockTest" time="0.01">
    <error message="unsupported URI http://localhost:8080http://localhost:8080/cursors" type="java.lang.IllegalArgumentException"><![CDATA[java.lang.IllegalArgumentException: unsupported URI http://localhost:8080http://localhost:8080/cursors
	at java.net.http/jdk.internal.net.http.common.Utils.newIAE(Utils.java:326)
	at java.net.http/jdk.internal.net.http.HttpRequestBuilderImpl.checkURI(HttpRequestBuilderImpl.java:85)
	at java.net.http/jdk.internal.net.http.HttpRequestBuilderImpl.uri(HttpRequestBuilderImpl.java:71)
	at java.net.http/jdk.internal.net.http.HttpRequestBuilderImpl.uri(HttpRequestBuilderImpl.java:43)
	at com.example.client.api.CursorsApi.createCursorRequestBuilder(CursorsApi.java:147)
	at com.example.client.api.CursorsApi.createCursorWithHttpInfo(CursorsApi.java:109)
	at com.example.client.api.CursorsApi.createCursor(CursorsApi.java:97)
	at com.example.client.CursorsApiWireMockTest.testCreateCursor_Success(CursorsApiWireMockTest.java:144)
	at java.base/java.lang.reflect.Method.invoke(Method.java:580)
	at java.base/java.util.ArrayList.forEach(ArrayList.java:1596)
	at java.base/java.util.ArrayList.forEach(ArrayList.java:1596)
]]></error>
  </testcase>
</testsuite>